SF:lib/utils/validators.dart
DA:1,2
DA:2,2
DA:5,2
DA:6,2
DA:8,2
LF:5
LH:5
end_of_record
SF:lib/blocs/logged_in_user_cubit/logged_in_user_cubit.dart
DA:13,1
DA:14,2
DA:16,1
DA:18,2
DA:21,3
DA:24,2
DA:25,2
DA:27,2
DA:30,2
LF:9
LH:9
end_of_record
SF:lib/blocs/logged_in_user_cubit/logged_in_user_state.dart
DA:4,2
DA:6,1
DA:7,1
DA:17,2
LF:4
LH:4
end_of_record
SF:lib/data/repositories/auth_repository.dart
DA:24,1
DA:26,1
DA:29,4
DA:30,2
DA:32,0
DA:33,0
DA:36,4
DA:37,1
DA:39,1
DA:41,1
DA:42,1
DA:43,1
DA:44,1
DA:45,1
DA:48,2
DA:49,2
DA:53,0
DA:55,1
DA:56,2
DA:58,2
DA:63,1
DA:64,3
DA:68,1
DA:69,3
LF:24
LH:21
end_of_record
SF:lib/data/models/login_user_request.dart
DA:6,3
DA:14,0
DA:15,0
DA:17,0
DA:19,0
DA:20,0
DA:21,0
DA:22,0
DA:25,2
DA:26,1
DA:27,1
DA:30,1
DA:31,3
LF:13
LH:6
end_of_record
SF:lib/data/models/user.dart
DA:6,7
DA:16,0
DA:18,0
DA:20,4
DA:21,2
DA:22,2
DA:23,2
DA:26,4
DA:27,2
DA:28,2
DA:29,2
DA:32,1
DA:33,4
LF:13
LH:11
end_of_record
SF:lib/data/local_data/secure_storage_helper.dart
DA:12,0
DA:14,0
DA:15,0
DA:20,0
DA:21,0
DA:25,0
DA:26,0
LF:7
LH:0
end_of_record
SF:lib/data/models/error_response.dart
DA:5,0
DA:13,0
DA:14,0
DA:16,0
DA:18,0
DA:19,0
DA:20,0
DA:23,0
DA:24,0
DA:25,0
DA:26,0
DA:27,0
LF:12
LH:0
end_of_record
SF:lib/utils/utils.dart
DA:4,1
DA:5,2
DA:6,0
LF:3
LH:2
end_of_record
SF:lib/data/models/login_user_success_response.dart
DA:5,0
DA:6,0
DA:8,0
DA:9,0
DA:12,1
DA:18,1
DA:19,1
DA:20,2
DA:23,0
DA:24,0
LF:10
LH:4
end_of_record
SF:lib/data/models/user_session_data.dart
DA:7,1
DA:9,0
DA:10,0
DA:11,0
DA:12,0
DA:13,0
DA:16,1
DA:17,1
DA:18,2
DA:19,2
DA:20,2
DA:21,2
LF:12
LH:7
end_of_record
SF:lib/data/network/dio_exceptions.dart
DA:4,2
DA:5,2
DA:6,2
DA:7,0
DA:9,2
DA:10,0
DA:12,2
DA:13,0
DA:15,2
DA:16,0
DA:18,2
DA:19,4
DA:20,4
DA:21,4
DA:22,6
DA:26,0
DA:27,0
DA:34,2
DA:40,2
DA:42,2
DA:47,0
DA:48,0
DA:49,0
DA:51,0
DA:53,0
DA:55,0
DA:56,0
DA:57,0
DA:59,0
DA:66,2
DA:67,2
LF:31
LH:16
end_of_record
SF:lib/services/navigation_service.dart
DA:3,3
DA:6,0
DA:12,0
DA:13,0
DA:15,0
DA:18,0
DA:19,0
DA:20,0
DA:23,0
DA:24,0
DA:25,0
LF:11
LH:1
end_of_record
SF:lib/blocs/login_cubit/login_state.dart
DA:4,3
DA:6,1
DA:7,1
DA:17,2
DA:23,2
LF:5
LH:5
end_of_record
SF:lib/blocs/login_cubit/login_cubit.dart
DA:16,1
DA:19,2
DA:21,1
DA:23,2
DA:24,3
DA:25,1
DA:30,3
DA:31,3
DA:32,2
DA:34,1
DA:36,3
LF:11
LH:11
end_of_record
SF:lib/data/models/shows_list_response.dart
DA:4,2
DA:12,0
DA:13,0
DA:15,0
DA:17,2
DA:18,2
DA:19,10
DA:20,4
DA:23,0
DA:24,0
DA:25,0
DA:27,0
DA:32,2
DA:38,0
DA:40,0
DA:42,4
DA:43,4
DA:46,0
DA:47,0
DA:52,2
DA:64,0
DA:65,0
DA:67,0
DA:69,4
DA:70,2
DA:71,2
DA:72,2
DA:73,2
DA:76,0
DA:77,0
DA:78,0
DA:79,0
DA:80,0
DA:85,2
DA:101,0
DA:103,0
DA:105,4
DA:106,2
DA:107,2
DA:108,2
DA:109,2
DA:110,2
DA:111,2
DA:114,0
DA:115,0
DA:116,0
DA:117,0
DA:118,0
DA:119,0
DA:120,0
LF:50
LH:22
end_of_record
SF:lib/blocs/movies_list_cubit/movies_list_state.dart
DA:4,2
DA:6,1
DA:7,1
DA:16,2
DA:24,2
DA:33,1
LF:6
LH:6
end_of_record
SF:lib/blocs/movies_list_cubit/movies_list_cubit.dart
DA:18,1
DA:20,2
DA:22,1
DA:23,2
DA:26,1
DA:29,2
DA:30,2
DA:31,2
DA:32,2
DA:35,2
DA:36,2
DA:40,4
DA:41,1
DA:42,4
DA:45,2
DA:48,1
DA:50,5
DA:52,1
DA:53,0
DA:54,1
DA:55,0
DA:60,1
DA:61,2
DA:62,3
DA:66,0
DA:67,0
DA:68,0
LF:27
LH:22
end_of_record
SF:lib/data/repositories/movies_repository.dart
DA:16,1
DA:18,1
DA:20,3
DA:22,1
DA:26,2
DA:28,0
DA:29,0
DA:31,4
DA:32,1
DA:33,2
DA:35,2
LF:11
LH:9
end_of_record
SF:lib/blocs/login_form_validation/login_form_validation_state.dart
DA:4,3
DA:6,0
DA:7,0
DA:16,3
DA:23,1
DA:24,5
LF:6
LH:4
end_of_record
SF:lib/blocs/login_form_validation/login_form_validation_cubit.dart
DA:8,1
DA:9,1
DA:15,1
DA:16,1
DA:18,2
DA:20,1
DA:21,1
DA:22,1
DA:26,1
DA:27,1
DA:29,2
DA:30,1
DA:31,1
DA:32,1
LF:14
LH:14
end_of_record
SF:lib/blocs/start_up_cubit/start_up_state.dart
DA:5,3
DA:9,0
DA:10,0
DA:16,2
DA:18,1
DA:19,2
DA:25,2
DA:27,1
DA:28,2
LF:9
LH:7
end_of_record
SF:lib/blocs/start_up_cubit/start_up_cubit.dart
DA:11,3
DA:13,1
DA:15,3
DA:16,2
DA:18,3
DA:20,1
LF:6
LH:6
end_of_record
